2019-02-25 14:03:30,638 [Worker-4: Loading available Gradle versions] INFO  c.g.t.t.d.PublishedGradleVersions - Gradle version information cache is up-to-date. Trying to read.
2019-02-25 14:05:49,568 [Worker-2: Loading available Gradle versions] INFO  c.g.t.t.d.PublishedGradleVersions - Gradle version information cache is up-to-date. Trying to read.
2019-02-25 14:11:58,005 [Worker-7: Loading available Gradle versions] INFO  c.g.t.t.d.PublishedGradleVersions - Gradle version information cache is up-to-date. Trying to read.
2019-02-25 14:17:56,898 [Worker-16: Updating Maven Dependencies] INFO  o.e.m.c.i.l.LifecycleMappingFactory - Using org.maven.ide.eclipse.wtp.WarLifecycleMapping lifecycle mapping for MavenProject: believe.review:brw:1.0.0-BUILD-SNAPSHOT @ C:\Users\박재연\Desktop\Belireview\Belireview\pom.xml.
2019-02-25 14:17:59,327 [Worker-18: Building workspace] INFO  o.e.m.c.i.l.LifecycleMappingFactory - Using org.maven.ide.eclipse.wtp.WarLifecycleMapping lifecycle mapping for MavenProject: believe.review:brw:1.0.0-BUILD-SNAPSHOT @ C:\Users\박재연\Desktop\Belireview\Belireview\pom.xml.
2019-02-25 14:18:04,415 [Worker-18: Building workspace] WARN  o.e.m.c.i.embedder.EclipseLogger - Using platform encoding (MS949 actually) to copy filtered resources, i.e. build is platform dependent!
2019-02-25 14:18:04,420 [Worker-18: Building workspace] INFO  o.e.m.c.i.embedder.EclipseLogger - skip non existing resourceDirectory C:\Users\박재연\Desktop\Belireview\Belireview\src\main\resources
2019-02-25 14:18:04,427 [Worker-18: Building workspace] WARN  o.e.m.c.i.embedder.EclipseLogger - Using platform encoding (MS949 actually) to copy filtered resources, i.e. build is platform dependent!
2019-02-25 14:18:04,431 [Worker-18: Building workspace] INFO  o.e.m.c.i.embedder.EclipseLogger - skip non existing resourceDirectory C:\Users\박재연\Desktop\Belireview\Belireview\src\test\resources
2019-02-25 14:18:04,818 [Worker-18: Building workspace] ERROR o.e.m.e.x.i.MarkerLocationService - null
org.eclipse.jface.text.BadLocationException: null
	at org.eclipse.jface.text.ListLineTracker.getLineOffset(ListLineTracker.java:197) ~[na:na]
	at org.eclipse.jface.text.AbstractLineTracker.getLineOffset(AbstractLineTracker.java:160) ~[na:na]
	at org.eclipse.wst.sse.core.internal.text.BasicStructuredDocument.getLineOffset(BasicStructuredDocument.java:1495) ~[na:na]
	at org.eclipse.m2e.editor.xml.internal.MarkerLocationService.findLocationForMarker(MarkerLocationService.java:106) ~[na:na]
	at org.eclipse.m2e.core.internal.markers.MarkerUtils.decorateMarker(MarkerUtils.java:48) [org.eclipse.m2e.core_1.9.1.20180912-1601.jar:na]
	at org.eclipse.m2e.core.internal.markers.MavenMarkerManager.addErrorMarker(MavenMarkerManager.java:312) [org.eclipse.m2e.core_1.9.1.20180912-1601.jar:na]
	at org.eclipse.m2e.core.internal.builder.MavenBuilderImpl.processBuildResults(MavenBuilderImpl.java:320) [org.eclipse.m2e.core_1.9.1.20180912-1601.jar:na]
	at org.eclipse.m2e.core.internal.builder.MavenBuilderImpl.build(MavenBuilderImpl.java:179) [org.eclipse.m2e.core_1.9.1.20180912-1601.jar:na]
	at org.eclipse.m2e.core.internal.builder.MavenBuilder$1.method(MavenBuilder.java:173) [org.eclipse.m2e.core_1.9.1.20180912-1601.jar:na]
	at org.eclipse.m2e.core.internal.builder.MavenBuilder$1.method(MavenBuilder.java:1) [org.eclipse.m2e.core_1.9.1.20180912-1601.jar:na]
	at org.eclipse.m2e.core.internal.builder.MavenBuilder$BuildMethod$1$1.call(MavenBuilder.java:116) [org.eclipse.m2e.core_1.9.1.20180912-1601.jar:na]
	at org.eclipse.m2e.core.internal.embedder.MavenExecutionContext.executeBare(MavenExecutionContext.java:177) [org.eclipse.m2e.core_1.9.1.20180912-1601.jar:na]
	at org.eclipse.m2e.core.internal.embedder.MavenExecutionContext.execute(MavenExecutionContext.java:112) [org.eclipse.m2e.core_1.9.1.20180912-1601.jar:na]
	at org.eclipse.m2e.core.internal.builder.MavenBuilder$BuildMethod$1.call(MavenBuilder.java:106) [org.eclipse.m2e.core_1.9.1.20180912-1601.jar:na]
	at org.eclipse.m2e.core.internal.embedder.MavenExecutionContext.executeBare(MavenExecutionContext.java:177) [org.eclipse.m2e.core_1.9.1.20180912-1601.jar:na]
	at org.eclipse.m2e.core.internal.embedder.MavenExecutionContext.execute(MavenExecutionContext.java:151) [org.eclipse.m2e.core_1.9.1.20180912-1601.jar:na]
	at org.eclipse.m2e.core.internal.embedder.MavenExecutionContext.execute(MavenExecutionContext.java:99) [org.eclipse.m2e.core_1.9.1.20180912-1601.jar:na]
	at org.eclipse.m2e.core.internal.builder.MavenBuilder$BuildMethod.execute(MavenBuilder.java:87) [org.eclipse.m2e.core_1.9.1.20180912-1601.jar:na]
	at org.eclipse.m2e.core.internal.builder.MavenBuilder.build(MavenBuilder.java:201) [org.eclipse.m2e.core_1.9.1.20180912-1601.jar:na]
	at org.eclipse.core.internal.events.BuildManager$2.run(BuildManager.java:798) [org.eclipse.core.resources_3.13.100.v20180828-0158.jar:na]
	at org.eclipse.core.runtime.SafeRunner.run(SafeRunner.java:45) [org.eclipse.equinox.common_3.10.100.v20180827-1235.jar:na]
	at org.eclipse.core.internal.events.BuildManager.basicBuild(BuildManager.java:219) [org.eclipse.core.resources_3.13.100.v20180828-0158.jar:na]
	at org.eclipse.core.internal.events.BuildManager.basicBuild(BuildManager.java:262) [org.eclipse.core.resources_3.13.100.v20180828-0158.jar:na]
	at org.eclipse.core.internal.events.BuildManager$1.run(BuildManager.java:315) [org.eclipse.core.resources_3.13.100.v20180828-0158.jar:na]
	at org.eclipse.core.runtime.SafeRunner.run(SafeRunner.java:45) [org.eclipse.equinox.common_3.10.100.v20180827-1235.jar:na]
	at org.eclipse.core.internal.events.BuildManager.basicBuild(BuildManager.java:318) [org.eclipse.core.resources_3.13.100.v20180828-0158.jar:na]
	at org.eclipse.core.internal.events.BuildManager.basicBuild(BuildManager.java:277) [org.eclipse.core.resources_3.13.100.v20180828-0158.jar:na]
	at org.eclipse.core.internal.events.BuildManager.build(BuildManager.java:460) [org.eclipse.core.resources_3.13.100.v20180828-0158.jar:na]
	at org.eclipse.core.internal.resources.Project$1.run(Project.java:574) [org.eclipse.core.resources_3.13.100.v20180828-0158.jar:na]
	at org.eclipse.core.internal.resources.Workspace.run(Workspace.java:2292) [org.eclipse.core.resources_3.13.100.v20180828-0158.jar:na]
	at org.eclipse.core.internal.resources.Project.internalBuild(Project.java:548) [org.eclipse.core.resources_3.13.100.v20180828-0158.jar:na]
	at org.eclipse.core.internal.resources.Project.build(Project.java:116) [org.eclipse.core.resources_3.13.100.v20180828-0158.jar:na]
	at org.springsource.ide.eclipse.commons.core.SpringCoreUtils$1.run(SpringCoreUtils.java:793) [org.springsource.ide.eclipse.commons.core_3.9.7.201812200835-RELEASE.jar:na]
	at org.eclipse.core.internal.jobs.Worker.run(Worker.java:63) [org.eclipse.core.jobs_3.10.100.v20180817-1215.jar:na]
